<?xml version="1.0" encoding="UTF-8"?>
<!-- Generated by org.testng.reporters.JUnitXMLReporter -->
<testsuite hostname="LAPTOP-4U12GFJU" ignored="0" name="Surefire test" tests="4" failures="0" timestamp="2022-01-15T14:59:05 GMT" time="51.971" errors="0">
  <testcase name="userShouldBeAbleToAddTheCommentSuccessfully" time="3.544" classname="org.example.TestSuit"/>
  <testcase name="userShouldBeAbleToRegisterSuccessfully" time="3.06" classname="org.example.TestSuit"/>
  <testcase name="verifyUserShouldBeAbleToNavigateToDesktopPage" time="2.752" classname="org.example.TestSuit"/>
  <testcase name="verifyUserShouldReferAProductToAFriend" time="9.133" classname="org.example.TestSuit"/>
</testsuite> <!-- Surefire test -->
