<?xml version="1.0" encoding="UTF-8"?>
<testng-results skipped="0" failed="0" ignored="0" total="4" passed="4">
  <reporter-output>
  </reporter-output>
  <suite name="Surefire suite" duration-ms="51971" started-at="2022-01-15T14:58:13 GMT" finished-at="2022-01-15T14:59:05 GMT">
    <groups>
    </groups>
    <test name="Surefire test" duration-ms="51971" started-at="2022-01-15T14:58:13 GMT" finished-at="2022-01-15T14:59:05 GMT">
      <class name="org.example.TestSuit">
        <test-method status="PASS" signature="setUpBrowser()[pri:0, instance:org.example.TestSuit@887af79]" name="setUpBrowser" is-config="true" duration-ms="9172" started-at="2022-01-15T14:58:13 GMT" finished-at="2022-01-15T14:58:22 GMT">
          <reporter-output>
          </reporter-output>
        </test-method> <!-- setUpBrowser -->
        <test-method status="PASS" signature="userShouldBeAbleToAddTheCommentSuccessfully()[pri:0, instance:org.example.TestSuit@887af79]" name="userShouldBeAbleToAddTheCommentSuccessfully" duration-ms="3544" started-at="2022-01-15T14:58:22 GMT" finished-at="2022-01-15T14:58:26 GMT">
          <reporter-output>
          </reporter-output>
        </test-method> <!-- userShouldBeAbleToAddTheCommentSuccessfully -->
        <test-method status="PASS" signature="closeBrowser(org.testng.ITestResult)[pri:0, instance:org.example.TestSuit@887af79]" name="closeBrowser" is-config="true" duration-ms="1276" started-at="2022-01-15T14:58:26 GMT" finished-at="2022-01-15T14:58:27 GMT">
          <params>
            <param index="0">
              <value>
                <![CDATA[[TestResult name=userShouldBeAbleToAddTheCommentSuccessfully status=SUCCESS method=TestSuit.userShouldBeAbleToAddTheCommentSuccessfully()[pri:0, instance:org.example.TestSuit@887af79] output={null}]]]>
              </value>
            </param>
          </params>
          <reporter-output>
          </reporter-output>
        </test-method> <!-- closeBrowser -->
        <test-method status="PASS" signature="setUpBrowser()[pri:0, instance:org.example.TestSuit@887af79]" name="setUpBrowser" is-config="true" duration-ms="6183" started-at="2022-01-15T14:58:27 GMT" finished-at="2022-01-15T14:58:33 GMT">
          <reporter-output>
          </reporter-output>
        </test-method> <!-- setUpBrowser -->
        <test-method status="PASS" signature="userShouldBeAbleToRegisterSuccessfully()[pri:0, instance:org.example.TestSuit@887af79]" name="userShouldBeAbleToRegisterSuccessfully" duration-ms="3060" started-at="2022-01-15T14:58:33 GMT" finished-at="2022-01-15T14:58:36 GMT">
          <reporter-output>
          </reporter-output>
        </test-method> <!-- userShouldBeAbleToRegisterSuccessfully -->
        <test-method status="PASS" signature="closeBrowser(org.testng.ITestResult)[pri:0, instance:org.example.TestSuit@887af79]" name="closeBrowser" is-config="true" duration-ms="1358" started-at="2022-01-15T14:58:36 GMT" finished-at="2022-01-15T14:58:38 GMT">
          <params>
            <param index="0">
              <value>
                <![CDATA[[TestResult name=userShouldBeAbleToRegisterSuccessfully status=SUCCESS method=TestSuit.userShouldBeAbleToRegisterSuccessfully()[pri:0, instance:org.example.TestSuit@887af79] output={null}]]]>
              </value>
            </param>
          </params>
          <reporter-output>
          </reporter-output>
        </test-method> <!-- closeBrowser -->
        <test-method status="PASS" signature="setUpBrowser()[pri:0, instance:org.example.TestSuit@887af79]" name="setUpBrowser" is-config="true" duration-ms="7224" started-at="2022-01-15T14:58:38 GMT" finished-at="2022-01-15T14:58:45 GMT">
          <reporter-output>
          </reporter-output>
        </test-method> <!-- setUpBrowser -->
        <test-method status="PASS" signature="verifyUserShouldBeAbleToNavigateToDesktopPage()[pri:0, instance:org.example.TestSuit@887af79]" name="verifyUserShouldBeAbleToNavigateToDesktopPage" duration-ms="2752" started-at="2022-01-15T14:58:45 GMT" finished-at="2022-01-15T14:58:48 GMT">
          <reporter-output>
          </reporter-output>
        </test-method> <!-- verifyUserShouldBeAbleToNavigateToDesktopPage -->
        <test-method status="PASS" signature="closeBrowser(org.testng.ITestResult)[pri:0, instance:org.example.TestSuit@887af79]" name="closeBrowser" is-config="true" duration-ms="1024" started-at="2022-01-15T14:58:48 GMT" finished-at="2022-01-15T14:58:49 GMT">
          <params>
            <param index="0">
              <value>
                <![CDATA[[TestResult name=verifyUserShouldBeAbleToNavigateToDesktopPage status=SUCCESS method=TestSuit.verifyUserShouldBeAbleToNavigateToDesktopPage()[pri:0, instance:org.example.TestSuit@887af79] output={null}]]]>
              </value>
            </param>
          </params>
          <reporter-output>
          </reporter-output>
        </test-method> <!-- closeBrowser -->
        <test-method status="PASS" signature="setUpBrowser()[pri:0, instance:org.example.TestSuit@887af79]" name="setUpBrowser" is-config="true" duration-ms="6310" started-at="2022-01-15T14:58:49 GMT" finished-at="2022-01-15T14:58:55 GMT">
          <reporter-output>
          </reporter-output>
        </test-method> <!-- setUpBrowser -->
        <test-method status="PASS" signature="verifyUserShouldReferAProductToAFriend()[pri:0, instance:org.example.TestSuit@887af79]" name="verifyUserShouldReferAProductToAFriend" duration-ms="9133" started-at="2022-01-15T14:58:55 GMT" finished-at="2022-01-15T14:59:04 GMT">
          <reporter-output>
          </reporter-output>
        </test-method> <!-- verifyUserShouldReferAProductToAFriend -->
        <test-method status="PASS" signature="closeBrowser(org.testng.ITestResult)[pri:0, instance:org.example.TestSuit@887af79]" name="closeBrowser" is-config="true" duration-ms="897" started-at="2022-01-15T14:59:04 GMT" finished-at="2022-01-15T14:59:05 GMT">
          <params>
            <param index="0">
              <value>
                <![CDATA[[TestResult name=verifyUserShouldReferAProductToAFriend status=SUCCESS method=TestSuit.verifyUserShouldReferAProductToAFriend()[pri:0, instance:org.example.TestSuit@887af79] output={null}]]]>
              </value>
            </param>
          </params>
          <reporter-output>
          </reporter-output>
        </test-method> <!-- closeBrowser -->
      </class> <!-- org.example.TestSuit -->
    </test> <!-- Surefire test -->
  </suite> <!-- Surefire suite -->
</testng-results>
